Build started 2011.09.15 15:38:42.
     1>Project "C:\Users\Tautvydas\Desktop\C++ darbai\Pratybos\klase 1\klase 1\klase 1.vcxproj" on node 2 (build target(s)).
     1>InitializeBuildStatus:
         Touching "Debug\klase 1.unsuccessfulbuild".
       ClCompile:
         All outputs are up-to-date.
       ManifestResourceCompile:
         All outputs are up-to-date.
       Link:
         c:\Program Files (x86)\Microsoft Visual Studio 10.0\VC\bin\link.exe /ERRORREPORT:PROMPT /OUT:"C:\Users\Tautvydas\Desktop\C++ darbai\Pratybos\klase 1\Debug\klase 1.exe" /INCREMENTAL /NOLOGO kernel32.lib user32.lib gdi32.lib winspool.lib comdlg32.lib advapi32.lib shell32.lib ole32.lib oleaut32.lib uuid.lib odbc32.lib odbccp32.lib /MANIFEST /ManifestFile:"Debug\klase 1.exe.intermediate.manifest" /MANIFESTUAC:"level='asInvoker' uiAccess='false'" /DEBUG /PDB:"C:\Users\Tautvydas\Desktop\C++ darbai\Pratybos\klase 1\Debug\klase 1.pdb" /SUBSYSTEM:CONSOLE /TLBID:1 /DYNAMICBASE /NXCOMPAT /IMPLIB:"C:\Users\Tautvydas\Desktop\C++ darbai\Pratybos\klase 1\Debug\klase 1.lib" /MACHINE:X86 "Debug\klase 1.exe.embed.manifest.res"
         "Debug\darbas klaseje 2.obj"
         "Debug\klase 1.obj"
     1>klase 1.obj : error LNK2005: _main already defined in darbas klaseje 2.obj
     1>C:\Users\Tautvydas\Desktop\C++ darbai\Pratybos\klase 1\Debug\klase 1.exe : fatal error LNK1169: one or more multiply defined symbols found
     1>Done Building Project "C:\Users\Tautvydas\Desktop\C++ darbai\Pratybos\klase 1\klase 1\klase 1.vcxproj" (build target(s)) -- FAILED.

Build FAILED.

Time Elapsed 00:00:00.77
